<?xml version="1.0" encoding="UTF-8" ?>
<testsuite errors="0" failures="0" hostname="morgan-laptop" name="testsuite.AllSuite" tests="4" time="0.087" timestamp="2013-01-20T16:23:38">
  <properties>
[...]
</properties>
  <testcase classname="test.DctTest" name="testAdapter" time="0.005" />
  <testcase classname="test.ClassRefTest" name="testClassInstance" time="0.0" />
  <testcase classname="test.ClassRefTest" name="testClassInfo" time="0.002" />
  <testcase classname="test.ClassRefTest" name="testClassRef" time="0.0" />
  <system-out><![CDATA[[Ljava.lang.reflect.Method;@701b206f
[Ljava.lang.reflect.Constructor;@4ee90e9
[Ljava.lang.reflect.Field;@4a6bb386
]]></system-out>
  <system-err><![CDATA[]]></system-err>
</testsuite>
