<?xml version="1.0" encoding="UTF-8" ?>
<testsuite errors="0" failures="0" hostname="morgan-laptop" name="net.jade.HelloTest" tests="3" time="0.353" timestamp="2012-08-11T15:46:23">
  <properties>
[...]
</properties>
  <testcase classname="net.jade.HelloTest" name="func01" time="0.002" />
  <testcase classname="net.jade.HelloTest" name="func02" time="0.001" />
  <testcase classname="net.jade.HelloTest" name="func04" time="0.302" />
  <system-out><![CDATA[class setUp... 
func setUp... 
func01... 
func tearDown... 
func setUp... 
func02... 
func tearDown... 
func setUp... 
func04... 
func tearDown... 
class tearDown... 
]]></system-out>
  <system-err><![CDATA[]]></system-err>
</testsuite>
