<?xml version="1.0" encoding="UTF-8" ?>
<testsuite errors="0" failures="0" hostname="morgan-laptop" name="testsuite.AllSuite" tests="3" time="0.084" timestamp="2013-01-14T17:31:10">
  <properties>
[...]
</properties>
  <testcase classname="test.StringConstansTest" name="testNewLine" time="0.004" />
  <testcase classname="test.EnumTest" name="testColor" time="0.001" />
  <testcase classname="test.EnumTest" name="testGender" time="0.001" />
  <system-out><![CDATA[]]></system-out>
  <system-err><![CDATA[]]></system-err>
</testsuite>
